This is pdfTeX, Version 3.14159265-2.6-1.40.16 (TeX Live 2015/Debian) (preloaded format=pdflatex 2017.9.18)  29 MAR 2018 16:27
entering extended mode
 restricted \write18 enabled.
 %&-line parsing enabled.
**thesis.tex
(./thesis.tex
LaTeX2e <2016/02/01>
Babel <3.9q> and hyphenation patterns for 10 language(s) loaded.
(/usr/share/texlive/texmf-dist/tex/latex/base/report.cls
Document Class: report 2014/09/29 v1.4h Standard LaTeX document class
(/usr/share/texlive/texmf-dist/tex/latex/base/size12.clo
File: size12.clo 2014/09/29 v1.4h Standard LaTeX file (size option)
)
\c@part=\count79
\c@chapter=\count80
\c@section=\count81
\c@subsection=\count82
\c@subsubsection=\count83
\c@paragraph=\count84
\c@subparagraph=\count85
\c@figure=\count86
\c@table=\count87
\abovecaptionskip=\skip41
\belowcaptionskip=\skip42
\bibindent=\dimen102
)
(/usr/share/texlive/texmf-dist/tex/latex/base/inputenc.sty
Package: inputenc 2015/03/17 v1.2c Input encoding file
\inpenc@prehook=\toks14
\inpenc@posthook=\toks15

(/usr/share/texlive/texmf-dist/tex/latex/base/utf8.def
File: utf8.def 2015/12/03 v1.1r UTF-8 support for inputenc
Now handling font encoding OML ...
... no UTF-8 mapping file for font encoding OML
Now handling font encoding T1 ...
... processing UTF-8 mapping file for font encoding T1

(/usr/share/texlive/texmf-dist/tex/latex/base/t1enc.dfu
File: t1enc.dfu 2015/12/03 v1.1r UTF-8 support for inputenc
   defining Unicode char U+00A0 (decimal 160)
   defining Unicode char U+00A1 (decimal 161)
   defining Unicode char U+00A3 (decimal 163)
   defining Unicode char U+00AB (decimal 171)
   defining Unicode char U+00AD (decimal 173)
   defining Unicode char U+00BB (decimal 187)
   defining Unicode char U+00BF (decimal 191)
   defining Unicode char U+00C0 (decimal 192)
   defining Unicode char U+00C1 (decimal 193)
   defining Unicode char U+00C2 (decimal 194)
   defining Unicode char U+00C3 (decimal 195)
   defining Unicode char U+00C4 (decimal 196)
   defining Unicode char U+00C5 (decimal 197)
   defining Unicode char U+00C6 (decimal 198)
   defining Unicode char U+00C7 (decimal 199)
   defining Unicode char U+00C8 (decimal 200)
   defining Unicode char U+00C9 (decimal 201)
   defining Unicode char U+00CA (decimal 202)
   defining Unicode char U+00CB (decimal 203)
   defining Unicode char U+00CC (decimal 204)
   defining Unicode char U+00CD (decimal 205)
   defining Unicode char U+00CE (decimal 206)
   defining Unicode char U+00CF (decimal 207)
   defining Unicode char U+00D0 (decimal 208)
   defining Unicode char U+00D1 (decimal 209)
   defining Unicode char U+00D2 (decimal 210)
   defining Unicode char U+00D3 (decimal 211)
   defining Unicode char U+00D4 (decimal 212)
   defining Unicode char U+00D5 (decimal 213)
   defining Unicode char U+00D6 (decimal 214)
   defining Unicode char U+00D8 (decimal 216)
   defining Unicode char U+00D9 (decimal 217)
   defining Unicode char U+00DA (decimal 218)
   defining Unicode char U+00DB (decimal 219)
   defining Unicode char U+00DC (decimal 220)
   defining Unicode char U+00DD (decimal 221)
   defining Unicode char U+00DE (decimal 222)
   defining Unicode char U+00DF (decimal 223)
   defining Unicode char U+00E0 (decimal 224)
   defining Unicode char U+00E1 (decimal 225)
   defining Unicode char U+00E2 (decimal 226)
   defining Unicode char U+00E3 (decimal 227)
   defining Unicode char U+00E4 (decimal 228)
   defining Unicode char U+00E5 (decimal 229)
   defining Unicode char U+00E6 (decimal 230)
   defining Unicode char U+00E7 (decimal 231)
   defining Unicode char U+00E8 (decimal 232)
   defining Unicode char U+00E9 (decimal 233)
   defining Unicode char U+00EA (decimal 234)
   defining Unicode char U+00EB (decimal 235)
   defining Unicode char U+00EC (decimal 236)
   defining Unicode char U+00ED (decimal 237)
   defining Unicode char U+00EE (decimal 238)
   defining Unicode char U+00EF (decimal 239)
   defining Unicode char U+00F0 (decimal 240)
   defining Unicode char U+00F1 (decimal 241)
   defining Unicode char U+00F2 (decimal 242)
   defining Unicode char U+00F3 (decimal 243)
   defining Unicode char U+00F4 (decimal 244)
   defining Unicode char U+00F5 (decimal 245)
   defining Unicode char U+00F6 (decimal 246)
   defining Unicode char U+00F8 (decimal 248)
   defining Unicode char U+00F9 (decimal 249)
   defining Unicode char U+00FA (decimal 250)
   defining Unicode char U+00FB (decimal 251)
   defining Unicode char U+00FC (decimal 252)
   defining Unicode char U+00FD (decimal 253)
   defining Unicode char U+00FE (decimal 254)
   defining Unicode char U+00FF (decimal 255)
   defining Unicode char U+0100 (decimal 256)
   defining Unicode char U+0101 (decimal 257)
   defining Unicode char U+0102 (decimal 258)
   defining Unicode char U+0103 (decimal 259)
   defining Unicode char U+0104 (decimal 260)
   defining Unicode char U+0105 (decimal 261)
   defining Unicode char U+0106 (decimal 262)
   defining Unicode char U+0107 (decimal 263)
   defining Unicode char U+0108 (decimal 264)
   defining Unicode char U+0109 (decimal 265)
   defining Unicode char U+010A (decimal 266)
   defining Unicode char U+010B (decimal 267)
   defining Unicode char U+010C (decimal 268)
   defining Unicode char U+010D (decimal 269)
   defining Unicode char U+010E (decimal 270)
   defining Unicode char U+010F (decimal 271)
   defining Unicode char U+0110 (decimal 272)
   defining Unicode char U+0111 (decimal 273)
   defining Unicode char U+0112 (decimal 274)
   defining Unicode char U+0113 (decimal 275)
   defining Unicode char U+0114 (decimal 276)
   defining Unicode char U+0115 (decimal 277)
   defining Unicode char U+0116 (decimal 278)
   defining Unicode char U+0117 (decimal 279)
   defining Unicode char U+0118 (decimal 280)
   defining Unicode char U+0119 (decimal 281)
   defining Unicode char U+011A (decimal 282)
   defining Unicode char U+011B (decimal 283)
   defining Unicode char U+011C (decimal 284)
   defining Unicode char U+011D (decimal 285)
   defining Unicode char U+011E (decimal 286)
   defining Unicode char U+011F (decimal 287)
   defining Unicode char U+0120 (decimal 288)
   defining Unicode char U+0121 (decimal 289)
   defining Unicode char U+0122 (decimal 290)
   defining Unicode char U+0123 (decimal 291)
   defining Unicode char U+0124 (decimal 292)
   defining Unicode char U+0125 (decimal 293)
   defining Unicode char U+0128 (decimal 296)
   defining Unicode char U+0129 (decimal 297)
   defining Unicode char U+012A (decimal 298)
   defining Unicode char U+012B (decimal 299)
   defining Unicode char U+012C (decimal 300)
   defining Unicode char U+012D (decimal 301)
   defining Unicode char U+012E (decimal 302)
   defining Unicode char U+012F (decimal 303)
   defining Unicode char U+0130 (decimal 304)
   defining Unicode char U+0131 (decimal 305)
   defining Unicode char U+0132 (decimal 306)
   defining Unicode char U+0133 (decimal 307)
   defining Unicode char U+0134 (decimal 308)
   defining Unicode char U+0135 (decimal 309)
   defining Unicode char U+0136 (decimal 310)
   defining Unicode char U+0137 (decimal 311)
   defining Unicode char U+0139 (decimal 313)
   defining Unicode char U+013A (decimal 314)
   defining Unicode char U+013B (decimal 315)
   defining Unicode char U+013C (decimal 316)
   defining Unicode char U+013D (decimal 317)
   defining Unicode char U+013E (decimal 318)
   defining Unicode char U+0141 (decimal 321)
   defining Unicode char U+0142 (decimal 322)
   defining Unicode char U+0143 (decimal 323)
   defining Unicode char U+0144 (decimal 324)
   defining Unicode char U+0145 (decimal 325)
   defining Unicode char U+0146 (decimal 326)
   defining Unicode char U+0147 (decimal 327)
   defining Unicode char U+0148 (decimal 328)
   defining Unicode char U+014A (decimal 330)
   defining Unicode char U+014B (decimal 331)
   defining Unicode char U+014C (decimal 332)
   defining Unicode char U+014D (decimal 333)
   defining Unicode char U+014E (decimal 334)
   defining Unicode char U+014F (decimal 335)
   defining Unicode char U+0150 (decimal 336)
   defining Unicode char U+0151 (decimal 337)
   defining Unicode char U+0152 (decimal 338)
   defining Unicode char U+0153 (decimal 339)
   defining Unicode char U+0154 (decimal 340)
   defining Unicode char U+0155 (decimal 341)
   defining Unicode char U+0156 (decimal 342)
   defining Unicode char U+0157 (decimal 343)
   defining Unicode char U+0158 (decimal 344)
   defining Unicode char U+0159 (decimal 345)
   defining Unicode char U+015A (decimal 346)
   defining Unicode char U+015B (decimal 347)
   defining Unicode char U+015C (decimal 348)
   defining Unicode char U+015D (decimal 349)
   defining Unicode char U+015E (decimal 350)
   defining Unicode char U+015F (decimal 351)
   defining Unicode char U+0160 (decimal 352)
   defining Unicode char U+0161 (decimal 353)
   defining Unicode char U+0162 (decimal 354)
   defining Unicode char U+0163 (decimal 355)
   defining Unicode char U+0164 (decimal 356)
   defining Unicode char U+0165 (decimal 357)
   defining Unicode char U+0168 (decimal 360)
   defining Unicode char U+0169 (decimal 361)
   defining Unicode char U+016A (decimal 362)
   defining Unicode char U+016B (decimal 363)
   defining Unicode char U+016C (decimal 364)
   defining Unicode char U+016D (decimal 365)
   defining Unicode char U+016E (decimal 366)
   defining Unicode char U+016F (decimal 367)
   defining Unicode char U+0170 (decimal 368)
   defining Unicode char U+0171 (decimal 369)
   defining Unicode char U+0172 (decimal 370)
   defining Unicode char U+0173 (decimal 371)
   defining Unicode char U+0174 (decimal 372)
   defining Unicode char U+0175 (decimal 373)
   defining Unicode char U+0176 (decimal 374)
   defining Unicode char U+0177 (decimal 375)
   defining Unicode char U+0178 (decimal 376)
   defining Unicode char U+0179 (decimal 377)
   defining Unicode char U+017A (decimal 378)
   defining Unicode char U+017B (decimal 379)
   defining Unicode char U+017C (decimal 380)
   defining Unicode char U+017D (decimal 381)
   defining Unicode char U+017E (decimal 382)
   defining Unicode char U+01CD (decimal 461)
   defining Unicode char U+01CE (decimal 462)
   defining Unicode char U+01CF (decimal 463)
   defining Unicode char U+01D0 (decimal 464)
   defining Unicode char U+01D1 (decimal 465)
   defining Unicode char U+01D2 (decimal 466)
   defining Unicode char U+01D3 (decimal 467)
   defining Unicode char U+01D4 (decimal 468)
   defining Unicode char U+01E2 (decimal 482)
   defining Unicode char U+01E3 (decimal 483)
   defining Unicode char U+01E6 (decimal 486)
   defining Unicode char U+01E7 (decimal 487)
   defining Unicode char U+01E8 (decimal 488)
   defining Unicode char U+01E9 (decimal 489)
   defining Unicode char U+01EA (decimal 490)
   defining Unicode char U+01EB (decimal 491)
   defining Unicode char U+01F0 (decimal 496)
   defining Unicode char U+01F4 (decimal 500)
   defining Unicode char U+01F5 (decimal 501)
   defining Unicode char U+0218 (decimal 536)
   defining Unicode char U+0219 (decimal 537)
   defining Unicode char U+021A (decimal 538)
   defining Unicode char U+021B (decimal 539)
   defining Unicode char U+01E02 (decimal 7682)
   defining Unicode char U+01E03 (decimal 7683)
   defining Unicode char U+200C (decimal 8204)
   defining Unicode char U+2013 (decimal 8211)
   defining Unicode char U+2014 (decimal 8212)
   defining Unicode char U+2018 (decimal 8216)
   defining Unicode char U+2019 (decimal 8217)
   defining Unicode char U+201A (decimal 8218)
   defining Unicode char U+201C (decimal 8220)
   defining Unicode char U+201D (decimal 8221)
   defining Unicode char U+201E (decimal 8222)
   defining Unicode char U+2030 (decimal 8240)
   defining Unicode char U+2031 (decimal 8241)
   defining Unicode char U+2039 (decimal 8249)
   defining Unicode char U+203A (decimal 8250)
   defining Unicode char U+2423 (decimal 9251)
)
Now handling font encoding OT1 ...
... processing UTF-8 mapping file for font encoding OT1

(/usr/share/texlive/texmf-dist/tex/latex/base/ot1enc.dfu
File: ot1enc.dfu 2015/12/03 v1.1r UTF-8 support for inputenc
   defining Unicode char U+00A0 (decimal 160)
   defining Unicode char U+00A1 (decimal 161)
   defining Unicode char U+00A3 (decimal 163)
   defining Unicode char U+00AD (decimal 173)
   defining Unicode char U+00B8 (decimal 184)
   defining Unicode char U+00BF (decimal 191)
   defining Unicode char U+00C5 (decimal 197)
   defining Unicode char U+00C6 (decimal 198)
   defining Unicode char U+00D8 (decimal 216)
   defining Unicode char U+00DF (decimal 223)
   defining Unicode char U+00E6 (decimal 230)
   defining Unicode char U+00EC (decimal 236)
   defining Unicode char U+00ED (decimal 237)
   defining Unicode char U+00EE (decimal 238)
   defining Unicode char U+00EF (decimal 239)
   defining Unicode char U+00F8 (decimal 248)
   defining Unicode char U+0131 (decimal 305)
   defining Unicode char U+0141 (decimal 321)
   defining Unicode char U+0142 (decimal 322)
   defining Unicode char U+0152 (decimal 338)
   defining Unicode char U+0153 (decimal 339)
   defining Unicode char U+0174 (decimal 372)
   defining Unicode char U+0175 (decimal 373)
   defining Unicode char U+0176 (decimal 374)
   defining Unicode char U+0177 (decimal 375)
   defining Unicode char U+0218 (decimal 536)
   defining Unicode char U+0219 (decimal 537)
   defining Unicode char U+021A (decimal 538)
   defining Unicode char U+021B (decimal 539)
   defining Unicode char U+2013 (decimal 8211)
   defining Unicode char U+2014 (decimal 8212)
   defining Unicode char U+2018 (decimal 8216)
   defining Unicode char U+2019 (decimal 8217)
   defining Unicode char U+201C (decimal 8220)
   defining Unicode char U+201D (decimal 8221)
)
Now handling font encoding OMS ...
... processing UTF-8 mapping file for font encoding OMS

(/usr/share/texlive/texmf-dist/tex/latex/base/omsenc.dfu
File: omsenc.dfu 2015/12/03 v1.1r UTF-8 support for inputenc
   defining Unicode char U+00A7 (decimal 167)
   defining Unicode char U+00B6 (decimal 182)
   defining Unicode char U+00B7 (decimal 183)
   defining Unicode char U+2020 (decimal 8224)
   defining Unicode char U+2021 (decimal 8225)
   defining Unicode char U+2022 (decimal 8226)
)
Now handling font encoding OMX ...
... no UTF-8 mapping file for font encoding OMX
Now handling font encoding U ...
... no UTF-8 mapping file for font encoding U
   defining Unicode char U+00A9 (decimal 169)
   defining Unicode char U+00AA (decimal 170)
   defining Unicode char U+00AE (decimal 174)
   defining Unicode char U+00BA (decimal 186)
   defining Unicode char U+02C6 (decimal 710)
   defining Unicode char U+02DC (decimal 732)
   defining Unicode char U+200C (decimal 8204)
   defining Unicode char U+2026 (decimal 8230)
   defining Unicode char U+2122 (decimal 8482)
   defining Unicode char U+2423 (decimal 9251)
))
(/usr/share/texlive/texmf-dist/tex/latex/amsmath/amsmath.sty
Package: amsmath 2016/03/03 v2.15a AMS math features
\@mathmargin=\skip43

For additional information on amsmath, use the `?' option.
(/usr/share/texlive/texmf-dist/tex/latex/amsmath/amstext.sty
Package: amstext 2000/06/29 v2.01 AMS text

(/usr/share/texlive/texmf-dist/tex/latex/amsmath/amsgen.sty
File: amsgen.sty 1999/11/30 v2.0 generic functions
\@emptytoks=\toks16
\ex@=\dimen103
))
(/usr/share/texlive/texmf-dist/tex/latex/amsmath/amsbsy.sty
Package: amsbsy 1999/11/29 v1.2d Bold Symbols
\pmbraise@=\dimen104
)
(/usr/share/texlive/texmf-dist/tex/latex/amsmath/amsopn.sty
Package: amsopn 1999/12/14 v2.01 operator names
)
\inf@bad=\count88
LaTeX Info: Redefining \frac on input line 199.
\uproot@=\count89
\leftroot@=\count90
LaTeX Info: Redefining \overline on input line 297.
\classnum@=\count91
\DOTSCASE@=\count92
LaTeX Info: Redefining \ldots on input line 394.
LaTeX Info: Redefining \dots on input line 397.
LaTeX Info: Redefining \cdots on input line 518.
\Mathstrutbox@=\box26
\strutbox@=\box27
\big@size=\dimen105
LaTeX Font Info:    Redeclaring font encoding OML on input line 630.
LaTeX Font Info:    Redeclaring font encoding OMS on input line 631.
\macc@depth=\count93
\c@MaxMatrixCols=\count94
\dotsspace@=\muskip10
\c@parentequation=\count95
\dspbrk@lvl=\count96
\tag@help=\toks17
\row@=\count97
\column@=\count98
\maxfields@=\count99
\andhelp@=\toks18
\eqnshift@=\dimen106
\alignsep@=\dimen107
\tagshift@=\dimen108
\tagwidth@=\dimen109
\totwidth@=\dimen110
\lineht@=\dimen111
\@envbody=\toks19
\multlinegap=\skip44
\multlinetaggap=\skip45
\mathdisplay@stack=\toks20
LaTeX Info: Redefining \[ on input line 2735.
LaTeX Info: Redefining \] on input line 2736.
)
(/usr/share/texlive/texmf-dist/tex/latex/amsfonts/amsfonts.sty
Package: amsfonts 2013/01/14 v3.01 Basic AMSFonts support
\symAMSa=\mathgroup4
\symAMSb=\mathgroup5
LaTeX Font Info:    Overwriting math alphabet `\mathfrak' in version `bold'
(Font)                  U/euf/m/n --> U/euf/b/n on input line 106.
)
(/usr/share/texlive/texmf-dist/tex/latex/amsfonts/amssymb.sty
Package: amssymb 2013/01/14 v3.01 AMS font symbols
)
(/usr/share/texlive/texmf-dist/tex/latex/psnfss/mathptmx.sty
Package: mathptmx 2005/04/12 PSNFSS-v9.2a Times w/ Math, improved (SPQR, WaS) 
LaTeX Font Info:    Redeclaring symbol font `operators' on input line 28.
LaTeX Font Info:    Overwriting symbol font `operators' in version `normal'
(Font)                  OT1/cmr/m/n --> OT1/ztmcm/m/n on input line 28.
LaTeX Font Info:    Overwriting symbol font `operators' in version `bold'
(Font)                  OT1/cmr/bx/n --> OT1/ztmcm/m/n on input line 28.
LaTeX Font Info:    Redeclaring symbol font `letters' on input line 29.
LaTeX Font Info:    Overwriting symbol font `letters' in version `normal'
(Font)                  OML/cmm/m/it --> OML/ztmcm/m/it on input line 29.
LaTeX Font Info:    Overwriting symbol font `letters' in version `bold'
(Font)                  OML/cmm/b/it --> OML/ztmcm/m/it on input line 29.
LaTeX Font Info:    Redeclaring symbol font `symbols' on input line 30.
LaTeX Font Info:    Overwriting symbol font `symbols' in version `normal'
(Font)                  OMS/cmsy/m/n --> OMS/ztmcm/m/n on input line 30.
LaTeX Font Info:    Overwriting symbol font `symbols' in version `bold'
(Font)                  OMS/cmsy/b/n --> OMS/ztmcm/m/n on input line 30.
LaTeX Font Info:    Redeclaring symbol font `largesymbols' on input line 31.
LaTeX Font Info:    Overwriting symbol font `largesymbols' in version `normal'
(Font)                  OMX/cmex/m/n --> OMX/ztmcm/m/n on input line 31.
LaTeX Font Info:    Overwriting symbol font `largesymbols' in version `bold'
(Font)                  OMX/cmex/m/n --> OMX/ztmcm/m/n on input line 31.
\symbold=\mathgroup6
\symitalic=\mathgroup7
LaTeX Font Info:    Redeclaring math alphabet \mathbf on input line 34.
LaTeX Font Info:    Overwriting math alphabet `\mathbf' in version `normal'
(Font)                  OT1/cmr/bx/n --> OT1/ptm/bx/n on input line 34.
LaTeX Font Info:    Overwriting math alphabet `\mathbf' in version `bold'
(Font)                  OT1/cmr/bx/n --> OT1/ptm/bx/n on input line 34.
LaTeX Font Info:    Redeclaring math alphabet \mathit on input line 35.
LaTeX Font Info:    Overwriting math alphabet `\mathit' in version `normal'
(Font)                  OT1/cmr/m/it --> OT1/ptm/m/it on input line 35.
LaTeX Font Info:    Overwriting math alphabet `\mathit' in version `bold'
(Font)                  OT1/cmr/bx/it --> OT1/ptm/m/it on input line 35.
LaTeX Info: Redefining \hbar on input line 50.
)
(/usr/share/texlive/texmf-dist/tex/latex/cite/cite.sty
LaTeX Info: Redefining \cite on input line 302.
LaTeX Info: Redefining \nocite on input line 332.
Package: cite 2015/02/27  v 5.5
)
(/usr/share/texlive/texmf-dist/tex/latex/graphics/graphicx.sty
Package: graphicx 2014/10/28 v1.0g Enhanced LaTeX Graphics (DPC,SPQR)

(/usr/share/texlive/texmf-dist/tex/latex/graphics/keyval.sty
Package: keyval 2014/10/28 v1.15 key=value parser (DPC)
\KV@toks@=\toks21
)
(/usr/share/texlive/texmf-dist/tex/latex/graphics/graphics.sty
Package: graphics 2016/01/03 v1.0q Standard LaTeX Graphics (DPC,SPQR)

(/usr/share/texlive/texmf-dist/tex/latex/graphics/trig.sty
Package: trig 2016/01/03 v1.10 sin cos tan (DPC)
)
(/usr/share/texlive/texmf-dist/tex/latex/latexconfig/graphics.cfg
File: graphics.cfg 2010/04/23 v1.9 graphics configuration of TeX Live
)
Package graphics Info: Driver file: pdftex.def on input line 95.

(/usr/share/texlive/texmf-dist/tex/latex/pdftex-def/pdftex.def
File: pdftex.def 2011/05/27 v0.06d Graphics/color for pdfTeX

(/usr/share/texlive/texmf-dist/tex/generic/oberdiek/infwarerr.sty
Package: infwarerr 2010/04/08 v1.3 Providing info/warning/error messages (HO)
)
(/usr/share/texlive/texmf-dist/tex/generic/oberdiek/ltxcmds.sty
Package: ltxcmds 2011/11/09 v1.22 LaTeX kernel commands for general use (HO)
)
\Gread@gobject=\count100
))
\Gin@req@height=\dimen112
\Gin@req@width=\dimen113
)
(/usr/share/texlive/texmf-dist/tex/latex/geometry/geometry.sty
Package: geometry 2010/09/12 v5.6 Page Geometry

(/usr/share/texlive/texmf-dist/tex/generic/oberdiek/ifpdf.sty
Package: ifpdf 2011/01/30 v2.3 Provides the ifpdf switch (HO)
Package ifpdf Info: pdfTeX in PDF mode is detected.
)
(/usr/share/texlive/texmf-dist/tex/generic/oberdiek/ifvtex.sty
Package: ifvtex 2010/03/01 v1.5 Detect VTeX and its facilities (HO)
Package ifvtex Info: VTeX not detected.
)
(/usr/share/texlive/texmf-dist/tex/generic/ifxetex/ifxetex.sty
Package: ifxetex 2010/09/12 v0.6 Provides ifxetex conditional
)
\Gm@cnth=\count101
\Gm@cntv=\count102
\c@Gm@tempcnt=\count103
\Gm@bindingoffset=\dimen114
\Gm@wd@mp=\dimen115
\Gm@odd@mp=\dimen116
\Gm@even@mp=\dimen117
\Gm@layoutwidth=\dimen118
\Gm@layoutheight=\dimen119
\Gm@layouthoffset=\dimen120
\Gm@layoutvoffset=\dimen121
\Gm@dimlist=\toks22
)
(/usr/share/texlive/texmf-dist/tex/latex/caption/caption.sty
Package: caption 2016/02/21 v3.3-144 Customizing captions (AR)

(/usr/share/texlive/texmf-dist/tex/latex/caption/caption3.sty
Package: caption3 2016/02/04 v1.7-139 caption3 kernel (AR)
Package caption3 Info: TeX engine: e-TeX on input line 67.
\captionmargin=\dimen122
\captionmargin@=\dimen123
\captionwidth=\dimen124
\caption@tempdima=\dimen125
\caption@indent=\dimen126
\caption@parindent=\dimen127
\caption@hangindent=\dimen128
)
\c@ContinuedFloat=\count104
)
(/usr/share/texlive/texmf-dist/tex/latex/float/float.sty
Package: float 2001/11/08 v1.3d Float enhancements (AL)
\c@float@type=\count105
\float@exts=\toks23
\float@box=\box28
\@float@everytoks=\toks24
\@floatcapt=\box29
)
(/usr/share/texlive/texmf-dist/tex/latex/pdfpages/pdfpages.sty
Package: pdfpages 2015/09/18 v0.5d Insert pages of external PDF documents (AM)

(/usr/share/texlive/texmf-dist/tex/latex/base/ifthen.sty
Package: ifthen 2014/09/29 v1.1c Standard LaTeX ifthen package (DPC)
)
(/usr/share/texlive/texmf-dist/tex/latex/tools/calc.sty
Package: calc 2014/10/28 v4.3 Infix arithmetic (KKT,FJ)
\calc@Acount=\count106
\calc@Bcount=\count107
\calc@Adimen=\dimen129
\calc@Bdimen=\dimen130
\calc@Askip=\skip46
\calc@Bskip=\skip47
LaTeX Info: Redefining \setlength on input line 80.
LaTeX Info: Redefining \addtolength on input line 81.
\calc@Ccount=\count108
\calc@Cskip=\skip48
)
(/usr/share/texlive/texmf-dist/tex/latex/eso-pic/eso-pic.sty
Package: eso-pic 2015/07/21 v2.0g eso-pic (RN)

(/usr/share/texlive/texmf-dist/tex/generic/oberdiek/atbegshi.sty
Package: atbegshi 2011/10/05 v1.16 At begin shipout hook (HO)
)
(/usr/share/texlive/texmf-dist/tex/latex/xcolor/xcolor.sty
Package: xcolor 2007/01/21 v2.11 LaTeX color extensions (UK)

(/usr/share/texlive/texmf-dist/tex/latex/latexconfig/color.cfg
File: color.cfg 2007/01/18 v1.5 color configuration of teTeX/TeXLive
)
Package xcolor Info: Driver file: pdftex.def on input line 225.
Package xcolor Info: Model `cmy' substituted by `cmy0' on input line 1337.
Package xcolor Info: Model `hsb' substituted by `rgb' on input line 1341.
Package xcolor Info: Model `RGB' extended on input line 1353.
Package xcolor Info: Model `HTML' substituted by `rgb' on input line 1355.
Package xcolor Info: Model `Hsb' substituted by `hsb' on input line 1356.
Package xcolor Info: Model `tHsb' substituted by `hsb' on input line 1357.
Package xcolor Info: Model `HSB' substituted by `hsb' on input line 1358.
Package xcolor Info: Model `Gray' substituted by `gray' on input line 1359.
Package xcolor Info: Model `wave' substituted by `hsb' on input line 1360.
))
\AM@pagewidth=\dimen131
\AM@pageheight=\dimen132

(/usr/share/texlive/texmf-dist/tex/latex/pdfpages/pppdftex.def
File: pppdftex.def 2015/09/18 v0.5d Pdfpages driver for pdfTeX (AM)
)
\AM@pagebox=\box30
\AM@toc@title=\toks25
\c@AM@survey=\count109
\AM@templatesizebox=\box31
)
(/usr/share/texlive/texmf-dist/tex/latex/caption/subcaption.sty
Package: subcaption 2016/02/20 v1.1-142 Sub-captions (AR)
\c@subfigure=\count110
\c@subtable=\count111
)
(/usr/share/texlive/texmf-dist/tex/latex/hyperref/hyperref.sty
Package: hyperref 2012/11/06 v6.83m Hypertext links for LaTeX

(/usr/share/texlive/texmf-dist/tex/generic/oberdiek/hobsub-hyperref.sty
Package: hobsub-hyperref 2012/05/28 v1.13 Bundle oberdiek, subset hyperref (HO)


(/usr/share/texlive/texmf-dist/tex/generic/oberdiek/hobsub-generic.sty
Package: hobsub-generic 2012/05/28 v1.13 Bundle oberdiek, subset generic (HO)
Package: hobsub 2012/05/28 v1.13 Construct package bundles (HO)
Package hobsub Info: Skipping package `infwarerr' (already loaded).
Package hobsub Info: Skipping package `ltxcmds' (already loaded).
Package: ifluatex 2010/03/01 v1.3 Provides the ifluatex switch (HO)
Package ifluatex Info: LuaTeX not detected.
Package hobsub Info: Skipping package `ifvtex' (already loaded).
Package: intcalc 2007/09/27 v1.1 Expandable calculations with integers (HO)
Package hobsub Info: Skipping package `ifpdf' (already loaded).
Package: etexcmds 2011/02/16 v1.5 Avoid name clashes with e-TeX commands (HO)
Package etexcmds Info: Could not find \expanded.
(etexcmds)             That can mean that you are not using pdfTeX 1.50 or
(etexcmds)             that some package has redefined \expanded.
(etexcmds)             In the latter case, load this package earlier.
Package: kvsetkeys 2012/04/25 v1.16 Key value parser (HO)
Package: kvdefinekeys 2011/04/07 v1.3 Define keys (HO)
Package: pdftexcmds 2011/11/29 v0.20 Utility functions of pdfTeX for LuaTeX (HO
)
Package pdftexcmds Info: LuaTeX not detected.
Package pdftexcmds Info: \pdf@primitive is available.
Package pdftexcmds Info: \pdf@ifprimitive is available.
Package pdftexcmds Info: \pdfdraftmode found.
Package: pdfescape 2011/11/25 v1.13 Implements pdfTeX's escape features (HO)
Package: bigintcalc 2012/04/08 v1.3 Expandable calculations on big integers (HO
)
Package: bitset 2011/01/30 v1.1 Handle bit-vector datatype (HO)
Package: uniquecounter 2011/01/30 v1.2 Provide unlimited unique counter (HO)
)
Package hobsub Info: Skipping package `hobsub' (already loaded).
Package: letltxmacro 2010/09/02 v1.4 Let assignment for LaTeX macros (HO)
Package: hopatch 2012/05/28 v1.2 Wrapper for package hooks (HO)
Package: xcolor-patch 2011/01/30 xcolor patch
Package: atveryend 2011/06/30 v1.8 Hooks at the very end of document (HO)
Package atveryend Info: \enddocument detected (standard20110627).
Package hobsub Info: Skipping package `atbegshi' (already loaded).
Package: refcount 2011/10/16 v3.4 Data extraction from label references (HO)
Package: hycolor 2011/01/30 v1.7 Color options for hyperref/bookmark (HO)
)
(/usr/share/texlive/texmf-dist/tex/latex/oberdiek/auxhook.sty
Package: auxhook 2011/03/04 v1.3 Hooks for auxiliary files (HO)
)
(/usr/share/texlive/texmf-dist/tex/latex/oberdiek/kvoptions.sty
Package: kvoptions 2011/06/30 v3.11 Key value format for package options (HO)
)
\@linkdim=\dimen133
\Hy@linkcounter=\count112
\Hy@pagecounter=\count113

(/usr/share/texlive/texmf-dist/tex/latex/hyperref/pd1enc.def
File: pd1enc.def 2012/11/06 v6.83m Hyperref: PDFDocEncoding definition (HO)
Now handling font encoding PD1 ...
... no UTF-8 mapping file for font encoding PD1
)
\Hy@SavedSpaceFactor=\count114

(/usr/share/texlive/texmf-dist/tex/latex/latexconfig/hyperref.cfg
File: hyperref.cfg 2002/06/06 v1.2 hyperref configuration of TeXLive
)
Package hyperref Info: Hyper figures OFF on input line 4443.
Package hyperref Info: Link nesting OFF on input line 4448.
Package hyperref Info: Hyper index ON on input line 4451.
Package hyperref Info: Plain pages OFF on input line 4458.
Package hyperref Info: Backreferencing OFF on input line 4463.
Package hyperref Info: Implicit mode ON; LaTeX internals redefined.
Package hyperref Info: Bookmarks ON on input line 4688.
\c@Hy@tempcnt=\count115

(/usr/share/texlive/texmf-dist/tex/latex/url/url.sty
\Urlmuskip=\muskip11
Package: url 2013/09/16  ver 3.4  Verb mode for urls, etc.
)
LaTeX Info: Redefining \url on input line 5041.
\XeTeXLinkMargin=\dimen134
\Fld@menulength=\count116
\Field@Width=\dimen135
\Fld@charsize=\dimen136
Package hyperref Info: Hyper figures OFF on input line 6295.
Package hyperref Info: Link nesting OFF on input line 6300.
Package hyperref Info: Hyper index ON on input line 6303.
Package hyperref Info: backreferencing OFF on input line 6310.
Package hyperref Info: Link coloring OFF on input line 6315.
Package hyperref Info: Link coloring with OCG OFF on input line 6320.
Package hyperref Info: PDF/A mode OFF on input line 6325.
LaTeX Info: Redefining \ref on input line 6365.
LaTeX Info: Redefining \pageref on input line 6369.
\Hy@abspage=\count117
\c@Item=\count118
\c@Hfootnote=\count119
)

Package hyperref Message: Driver (autodetected): hpdftex.

(/usr/share/texlive/texmf-dist/tex/latex/hyperref/hpdftex.def
File: hpdftex.def 2012/11/06 v6.83m Hyperref driver for pdfTeX
\Fld@listcount=\count120
\c@bookmark@seq@number=\count121

(/usr/share/texlive/texmf-dist/tex/latex/oberdiek/rerunfilecheck.sty
Package: rerunfilecheck 2011/04/15 v1.7 Rerun checks for auxiliary files (HO)
Package uniquecounter Info: New unique counter `rerunfilecheck' on input line 2
82.
)
\Hy@SectionHShift=\skip49
)
(/usr/share/texlive/texmf-dist/tex/latex/tools/afterpage.sty
Package: afterpage 2014/10/28 v1.08 After-Page Package (DPC)
\AP@output=\toks26
\AP@partial=\box32
\AP@footins=\box33
)
(/usr/share/texlive/texmf-dist/tex/latex/lineno/lineno.sty
Package: lineno 2005/11/02 line numbers on paragraphs v4.41
\linenopenalty=\count122
\output=\toks27
\linenoprevgraf=\count123
\linenumbersep=\dimen137
\linenumberwidth=\dimen138
\c@linenumber=\count124
\c@pagewiselinenumber=\count125
\c@LN@truepage=\count126
\c@internallinenumber=\count127
\c@internallinenumbers=\count128
\quotelinenumbersep=\dimen139
\bframerule=\dimen140
\bframesep=\dimen141
\bframebox=\box34
LaTeX Info: Redefining \\ on input line 3056.
)
(/usr/share/texlive/texmf-dist/tex/latex/tocloft/tocloft.sty
Package: tocloft 2013/05/02 v2.3f parameterised ToC, etc., typesetting
Package tocloft Info: The document has chapter divisions on input line 44.
\cftparskip=\skip50
\cftbeforetoctitleskip=\skip51
\cftaftertoctitleskip=\skip52
\cftbeforepartskip=\skip53
\cftpartnumwidth=\skip54
\cftpartindent=\skip55
\cftbeforechapskip=\skip56
\cftchapindent=\skip57
\cftchapnumwidth=\skip58
\cftbeforesecskip=\skip59
\cftsecindent=\skip60
\cftsecnumwidth=\skip61
\cftbeforesubsecskip=\skip62
\cftsubsecindent=\skip63
\cftsubsecnumwidth=\skip64
\cftbeforesubsubsecskip=\skip65
\cftsubsubsecindent=\skip66
\cftsubsubsecnumwidth=\skip67
\cftbeforeparaskip=\skip68
\cftparaindent=\skip69
\cftparanumwidth=\skip70
\cftbeforesubparaskip=\skip71
\cftsubparaindent=\skip72
\cftsubparanumwidth=\skip73
\cftbeforeloftitleskip=\skip74
\cftafterloftitleskip=\skip75
\cftbeforefigskip=\skip76
\cftfigindent=\skip77
\cftfignumwidth=\skip78
\c@lofdepth=\count129
\c@lotdepth=\count130
\cftbeforelottitleskip=\skip79
\cftafterlottitleskip=\skip80
\cftbeforetabskip=\skip81
\cfttabindent=\skip82
\cfttabnumwidth=\skip83
)
\c@myequations=\count131
\cftbeforemyequationsskip=\skip84
\cftmyequationsindent=\skip85
\cftmyequationsnumwidth=\skip86
\c@equdepth=\count132
\cftbeforeequtitleskip=\skip87
\cftafterequtitleskip=\skip88
 (./thesis.aux)
\openout1 = `thesis.aux'.

LaTeX Font Info:    Checking defaults for OML/cmm/m/it on input line 45.
LaTeX Font Info:    ... okay on input line 45.
LaTeX Font Info:    Checking defaults for T1/cmr/m/n on input line 45.
LaTeX Font Info:    ... okay on input line 45.
LaTeX Font Info:    Checking defaults for OT1/cmr/m/n on input line 45.
LaTeX Font Info:    ... okay on input line 45.
LaTeX Font Info:    Checking defaults for OMS/cmsy/m/n on input line 45.
LaTeX Font Info:    ... okay on input line 45.
LaTeX Font Info:    Checking defaults for OMX/cmex/m/n on input line 45.
LaTeX Font Info:    ... okay on input line 45.
LaTeX Font Info:    Checking defaults for U/cmr/m/n on input line 45.
LaTeX Font Info:    ... okay on input line 45.
LaTeX Font Info:    Checking defaults for PD1/pdf/m/n on input line 45.
LaTeX Font Info:    ... okay on input line 45.
LaTeX Font Info:    Try loading font information for OT1+ptm on input line 45.

(/usr/share/texlive/texmf-dist/tex/latex/psnfss/ot1ptm.fd
File: ot1ptm.fd 2001/06/04 font definitions for OT1/ptm.
)
(/usr/share/texlive/texmf-dist/tex/context/base/supp-pdf.mkii
[Loading MPS to PDF converter (version 2006.09.02).]
\scratchcounter=\count133
\scratchdimen=\dimen142
\scratchbox=\box35
\nofMPsegments=\count134
\nofMParguments=\count135
\everyMPshowfont=\toks28
\MPscratchCnt=\count136
\MPscratchDim=\dimen143
\MPnumerator=\count137
\makeMPintoPDFobject=\count138
\everyMPtoPDFconversion=\toks29
) (/usr/share/texlive/texmf-dist/tex/latex/oberdiek/epstopdf-base.sty
Package: epstopdf-base 2010/02/09 v2.5 Base part for package epstopdf

(/usr/share/texlive/texmf-dist/tex/latex/oberdiek/grfext.sty
Package: grfext 2010/08/19 v1.1 Manage graphics extensions (HO)
)
Package grfext Info: Graphics extension search list:
(grfext)             [.png,.pdf,.jpg,.mps,.jpeg,.jbig2,.jb2,.PNG,.PDF,.JPG,.JPE
G,.JBIG2,.JB2,.eps]
(grfext)             \AppendGraphicsExtensions on input line 452.

(/usr/share/texlive/texmf-dist/tex/latex/latexconfig/epstopdf-sys.cfg
File: epstopdf-sys.cfg 2010/07/13 v1.3 Configuration of (r)epstopdf for TeX Liv
e
))
*geometry* driver: auto-detecting
*geometry* detected driver: pdftex
*geometry* verbose mode - [ preamble ] result:
* driver: pdftex
* paper: a4paper
* layout: <same size as paper>
* layoutoffset:(h,v)=(0.0pt,0.0pt)
* modes: twoside 
* h-part:(L,W,R)=(56.9055pt, 483.69684pt, 56.90553pt)
* v-part:(T,H,B)=(34.1433pt, 731.23582pt, 79.66772pt)
* \paperwidth=597.50787pt
* \paperheight=845.04684pt
* \textwidth=483.69684pt
* \textheight=731.23582pt
* \oddsidemargin=-15.36449pt
* \evensidemargin=-15.36446pt
* \topmargin=-75.1267pt
* \headheight=12.0pt
* \headsep=25.0pt
* \topskip=12.0pt
* \footskip=30.0pt
* \marginparwidth=85.0pt
* \marginparsep=10.0pt
* \columnsep=10.0pt
* \skip\footins=10.8pt plus 4.0pt minus 2.0pt
* \hoffset=0.0pt
* \voffset=0.0pt
* \mag=1000
* \@twocolumnfalse
* \@twosidetrue
* \@mparswitchtrue
* \@reversemarginfalse
* (1in=72.27pt=25.4mm, 1cm=28.453pt)

Package caption Info: Begin \AtBeginDocument code.
Package caption Info: float package is loaded.
Package caption Info: hyperref package is loaded.
Package caption Info: End \AtBeginDocument code.
\AtBeginShipoutBox=\box36
(/usr/share/texlive/texmf-dist/tex/latex/oberdiek/pdflscape.sty
Package: pdflscape 2008/08/11 v0.10 Display of landscape pages in PDF (HO)

(/usr/share/texlive/texmf-dist/tex/latex/graphics/lscape.sty
Package: lscape 2000/10/22 v3.01 Landscape Pages (DPC)
)
Package pdflscape Info: Auto-detected driver: pdftex on input line 80.
)
Package hyperref Info: Link coloring OFF on input line 45.

(/usr/share/texlive/texmf-dist/tex/latex/hyperref/nameref.sty
Package: nameref 2012/10/27 v2.43 Cross-referencing by name of section

(/usr/share/texlive/texmf-dist/tex/generic/oberdiek/gettitlestring.sty
Package: gettitlestring 2010/12/03 v1.4 Cleanup title references (HO)
)
\c@section@level=\count139
)
LaTeX Info: Redefining \ref on input line 45.
LaTeX Info: Redefining \pageref on input line 45.
LaTeX Info: Redefining \nameref on input line 45.

(./thesis.out) (./thesis.out)
\@outlinefile=\write3
\openout3 = `thesis.out'.


<Title_Head.png, id=152, 810.02625pt x 175.65625pt>
File: Title_Head.png Graphic file (type png)
 <use Title_Head.png>
Package pdftex.def Info: Title_Head.png used on input line 50.
(pdftex.def)             Requested size: 435.32419pt x 94.40266pt.
LaTeX Font Info:    Try loading font information for OT1+ztmcm on input line 52
.

(/usr/share/texlive/texmf-dist/tex/latex/psnfss/ot1ztmcm.fd
File: ot1ztmcm.fd 2000/01/03 Fontinst v1.801 font definitions for OT1/ztmcm.
)
LaTeX Font Info:    Try loading font information for OML+ztmcm on input line 52
.

(/usr/share/texlive/texmf-dist/tex/latex/psnfss/omlztmcm.fd
File: omlztmcm.fd 2000/01/03 Fontinst v1.801 font definitions for OML/ztmcm.
)
LaTeX Font Info:    Try loading font information for OMS+ztmcm on input line 52
.

(/usr/share/texlive/texmf-dist/tex/latex/psnfss/omsztmcm.fd
File: omsztmcm.fd 2000/01/03 Fontinst v1.801 font definitions for OMS/ztmcm.
)
LaTeX Font Info:    Try loading font information for OMX+ztmcm on input line 52
.

(/usr/share/texlive/texmf-dist/tex/latex/psnfss/omxztmcm.fd
File: omxztmcm.fd 2000/01/03 Fontinst v1.801 font definitions for OMX/ztmcm.
)
LaTeX Font Info:    Font shape `OT1/ptm/bx/n' in size <24.88> not available
(Font)              Font shape `OT1/ptm/b/n' tried instead on input line 52.
LaTeX Font Info:    Font shape `OT1/ptm/bx/n' in size <17.28> not available
(Font)              Font shape `OT1/ptm/b/n' tried instead on input line 52.
LaTeX Font Info:    Font shape `OT1/ptm/bx/n' in size <14.4> not available
(Font)              Font shape `OT1/ptm/b/n' tried instead on input line 52.

<iiser_logo.png, id=154, 182.93344pt x 165.61874pt>
File: iiser_logo.png Graphic file (type png)
 <use iiser_logo.png>
Package pdftex.def Info: iiser_logo.png used on input line 56.
(pdftex.def)             Requested size: 146.34694pt x 132.49516pt.

[1

{/var/lib/texmf/fonts/map/pdftex/updmap/pdftex.map} <./Title_Head.png> <./iiser
_logo.png>]
LaTeX Font Info:    Try loading font information for OMS+ptm on input line 73.
 (/usr/share/texlive/texmf-dist/tex/latex/psnfss/omsptm.fd
File: omsptm.fd 
)
LaTeX Font Info:    Font shape `OMS/ptm/m/n' in size <14.4> not available
(Font)              Font shape `OMS/cmsy/m/n' tried instead on input line 73.

[2]

pdfTeX warning: pdflatex (file ./certificate.pdf): PDF inclusion: found PDF ver
sion <1.7>, but at most version <1.5> allowed
<certificate.pdf, id=172, 595.61418pt x 842.1503pt>
File: certificate.pdf Graphic file (type pdf)
 <use certificate.pdf>
Package pdftex.def Info: certificate.pdf used on input line 78.
(pdftex.def)             Requested size: 595.61272pt x 842.14825pt.


pdfTeX warning: pdflatex (file ./certificate.pdf): PDF inclusion: found PDF ver
sion <1.7>, but at most version <1.5> allowed
File: certificate.pdf Graphic file (type pdf)
<use certificate.pdf>
Package pdftex.def Info: certificate.pdf used on input line 78.
(pdftex.def)             Requested size: 595.61272pt x 842.14825pt.


pdfTeX warning: pdflatex (file ./certificate.pdf): PDF inclusion: found PDF ver
sion <1.7>, but at most version <1.5> allowed


pdfTeX warning: pdflatex (file ./certificate.pdf): PDF inclusion: found PDF ver
sion <1.7>, but at most version <1.5> allowed
<certificate.pdf, id=175, page=1, 595.61418pt x 842.1503pt>
File: certificate.pdf Graphic file (type pdf)

<use certificate.pdf, page 1>
Package pdftex.def Info: certificate.pdf, page1 used on input line 78.
(pdftex.def)             Requested size: 595.61272pt x 842.14825pt.
File: certificate.pdf Graphic file (type pdf)
 <use certificate.pdf, page 1>
Package pdftex.def Info: certificate.pdf, page1 used on input line 78.
(pdftex.def)             Requested size: 597.76665pt x 845.19374pt.
File: certificate.pdf Graphic file (type pdf)

<use certificate.pdf, page 1>
Package pdftex.def Info: certificate.pdf, page1 used on input line 78.
(pdftex.def)             Requested size: 597.76665pt x 845.19374pt.
File: certificate.pdf Graphic file (type pdf)
 <use certificate.pdf, page 1>
Package pdftex.def Info: certificate.pdf, page1 used on input line 78.
(pdftex.def)             Requested size: 597.76665pt x 845.19374pt.
File: certificate.pdf Graphic file (type pdf)

<use certificate.pdf, page 1>
Package pdftex.def Info: certificate.pdf, page1 used on input line 78.
(pdftex.def)             Requested size: 597.76665pt x 845.19374pt.
 [3

 <./certificate.pdf>] [4

] [5] [6

]

pdfTeX warning: pdflatex (file ./declaration.pdf): PDF inclusion: found PDF ver
sion <1.7>, but at most version <1.5> allowed
<declaration.pdf, id=195, 596.42024pt x 842.80673pt>
File: declaration.pdf Graphic file (type pdf)
 <use declaration.pdf>
Package pdftex.def Info: declaration.pdf used on input line 84.
(pdftex.def)             Requested size: 596.4188pt x 842.80467pt.


pdfTeX warning: pdflatex (file ./declaration.pdf): PDF inclusion: found PDF ver
sion <1.7>, but at most version <1.5> allowed
File: declaration.pdf Graphic file (type pdf)
<use declaration.pdf>
Package pdftex.def Info: declaration.pdf used on input line 84.
(pdftex.def)             Requested size: 596.4188pt x 842.80467pt.


pdfTeX warning: pdflatex (file ./declaration.pdf): PDF inclusion: found PDF ver
sion <1.7>, but at most version <1.5> allowed


pdfTeX warning: pdflatex (file ./declaration.pdf): PDF inclusion: found PDF ver
sion <1.7>, but at most version <1.5> allowed
<declaration.pdf, id=198, page=1, 596.42024pt x 842.80673pt>
File: declaration.pdf Graphic file (type pdf)

<use declaration.pdf, page 1>
Package pdftex.def Info: declaration.pdf, page1 used on input line 84.
(pdftex.def)             Requested size: 596.4188pt x 842.80467pt.
File: declaration.pdf Graphic file (type pdf)
 <use declaration.pdf, page 1>
Package pdftex.def Info: declaration.pdf, page1 used on input line 84.
(pdftex.def)             Requested size: 597.9204pt x 844.92659pt.
File: declaration.pdf Graphic file (type pdf)

<use declaration.pdf, page 1>
Package pdftex.def Info: declaration.pdf, page1 used on input line 84.
(pdftex.def)             Requested size: 597.9204pt x 844.92659pt.
File: declaration.pdf Graphic file (type pdf)
 <use declaration.pdf, page 1>
Package pdftex.def Info: declaration.pdf, page1 used on input line 84.
(pdftex.def)             Requested size: 597.9204pt x 844.92659pt.
File: declaration.pdf Graphic file (type pdf)

<use declaration.pdf, page 1>
Package pdftex.def Info: declaration.pdf, page1 used on input line 84.
(pdftex.def)             Requested size: 597.9204pt x 844.92659pt.
 [7 <./declaration.pdf>] [8

] [9] [10

]
LaTeX Font Info:    Font shape `OT1/ptm/bx/n' in size <12> not available
(Font)              Font shape `OT1/ptm/b/n' tried instead on input line 108.
LaTeX Font Info:    Font shape `OT1/ptm/bx/n' in size <9> not available
(Font)              Font shape `OT1/ptm/b/n' tried instead on input line 108.
LaTeX Font Info:    Font shape `OT1/ptm/bx/n' in size <7> not available
(Font)              Font shape `OT1/ptm/b/n' tried instead on input line 108.
pdfTeX warning (ext4): destination with the same identifier (name{page.i}) has 
been already used, duplicate ignored
<to be read again> 
                   \relax 
l.109 \cleardoublepage
                       [1

] [2

]
*geometry* verbose mode - [ newgeometry ] result:
* driver: pdftex
* paper: a4paper
* layout: <same size as paper>
* layoutoffset:(h,v)=(0.0pt,0.0pt)
* modes: twoside 
* h-part:(L,W,R)=(71.70166pt, 418.25368pt, 107.55254pt)
* v-part:(T,H,B)=(56.9055pt, 785.2959pt, 2.84544pt)
* \paperwidth=597.50787pt
* \paperheight=845.04684pt
* \textwidth=418.25368pt
* \textheight=785.2959pt
* \oddsidemargin=-0.56833pt
* \evensidemargin=35.28255pt
* \topmargin=-52.36449pt
* \headheight=12.0pt
* \headsep=25.0pt
* \topskip=12.0pt
* \footskip=30.0pt
* \marginparwidth=85.0pt
* \marginparsep=10.0pt
* \columnsep=10.0pt
* \skip\footins=10.8pt plus 4.0pt minus 2.0pt
* \hoffset=0.0pt
* \voffset=0.0pt
* \mag=1000
* \@twocolumnfalse
* \@twosidetrue
* \@mparswitchtrue
* \@reversemarginfalse
* (1in=72.27pt=25.4mm, 1cm=28.453pt)

 (./thesis.toc)
\tf@toc=\write4
\openout4 = `thesis.toc'.

 [3

] [4

] (./thesis.lof
Underfull \vbox (badness 10000) has occurred while \output is active []

 [5

]
Underfull \vbox (badness 10000) has occurred while \output is active []

 [6])
\tf@lof=\write5
\openout5 = `thesis.lof'.


(./thesis.equ
Overfull \hbox (3.37518pt too wide) detected at line 21
\OT1/ptm/m/n/12 4.10 
 []


Overfull \hbox (3.37518pt too wide) detected at line 22
\OT1/ptm/m/n/12 4.11 
 []

)
\tf@equ=\write6
\openout6 = `thesis.equ'.

 (./thesis.lot
Underfull \vbox (badness 3590) has occurred while \output is active []

 [7])
\tf@lot=\write7
\openout7 = `thesis.lot'.


[8]
Chapter 1.
<higgs_production.png, id=502, 963.6pt x 591.20876pt>
File: higgs_production.png Graphic file (type png)

<use higgs_production.png>
Package pdftex.def Info: higgs_production.png used on input line 142.
(pdftex.def)             Requested size: 241.84842pt x 148.37917pt.

Underfull \vbox (badness 10000) has occurred while \output is active []

 [1


]
[2 <./higgs_production.png>]
<standard_model.png, id=515, 803.0pt x 767.86874pt>
File: standard_model.png Graphic file (type png)
 <use standard_model.png>
Package pdftex.def Info: standard_model.png used on input line 166.
(pdftex.def)             Requested size: 386.95894pt x 370.0374pt.

[3 <./standard_model.png>]
<fundamental_vertex_qed.png, id=526, 307.1475pt x 188.95593pt>
File: fundamental_vertex_qed.png Graphic file (type png)

<use fundamental_vertex_qed.png>
Package pdftex.def Info: fundamental_vertex_qed.png used on input line 177.
(pdftex.def)             Requested size: 193.47577pt x 119.02556pt.

<fundamental_vertex_qcd.png, id=531, 596.98032pt x 175.40532pt>
File: fundamental_vertex_qcd.png Graphic file (type png)

<use fundamental_vertex_qcd.png>
Package pdftex.def Info: fundamental_vertex_qcd.png used on input line 190.
(pdftex.def)             Requested size: 386.95894pt x 113.69627pt.


LaTeX Warning: `h' float specifier changed to `ht'.

[4 <./fundamental_vertex_qed.png>] [5 <./fundamental_vertex_qcd.png>] [6]
[7]
LaTeX Font Info:    Font shape `OMS/ptm/m/n' in size <12> not available
(Font)              Font shape `OMS/cmsy/m/n' tried instead on input line 257.
LaTeX Font Info:    Font shape `OT1/ptm/bx/n' in size <10> not available
(Font)              Font shape `OT1/ptm/b/n' tried instead on input line 272.
LaTeX Font Info:    Font shape `OT1/ptm/bx/n' in size <7.4> not available
(Font)              Font shape `OT1/ptm/b/n' tried instead on input line 272.
LaTeX Font Info:    Font shape `OT1/ptm/bx/n' in size <6> not available
(Font)              Font shape `OT1/ptm/b/n' tried instead on input line 272.
 <GRC.jpeg, id=593, 583.17876pt x 496.85625pt>
File: GRC.jpeg Graphic file (type jpg)
 <use GRC.jpeg>
Package pdftex.def Info: GRC.jpeg used on input line 275.
(pdftex.def)             Requested size: 290.22105pt x 247.26755pt.

Underfull \vbox (badness 4995) has occurred while \output is active []

 [8]
[9 <./GRC.jpeg>] <Mono_X.png, id=618, 980.16188pt x 453.19313pt>
File: Mono_X.png Graphic file (type png)

<use Mono_X.png>
Package pdftex.def Info: Mono_X.png used on input line 307.
(pdftex.def)             Requested size: 386.95894pt x 178.91597pt.
 [10 <./Mono_X.png>]
Overfull \hbox (5.41664pt too wide) in paragraph at lines 321--322
\OT1/ptm/m/n/12 gether with VBF are the most im-por-tant meth-ods of Higgs pro-
duc-tion in in-vis-i-ble Higgs searches.
 []

[11] [12

]
Chapter 2.
<Cern_accelerator_complex.png, id=644, 1049.42062pt x 683.55376pt>
File: Cern_accelerator_complex.png Graphic file (type png)

<use Cern_accelerator_complex.png>
Package pdftex.def Info: Cern_accelerator_complex.png used on input line 343.
(pdftex.def)             Requested size: 435.32419pt x 283.5548pt.
 [13]
Underfull \vbox (badness 10000) has occurred while \output is active []

 [14 <./Cern_accelerator_complex.png>] <pp-shower.png, id=659, 671.50874pt x 61
1.28375pt>
File: pp-shower.png Graphic file (type png)

<use pp-shower.png>
Package pdftex.def Info: pp-shower.png used on input line 361.
(pdftex.def)             Requested size: 290.22105pt x 264.19003pt.

Underfull \vbox (badness 6094) has occurred while \output is active []

 [15 <./pp-shower.png>] <NNPDF3.png, id=674, 497.60907pt x 319.1925pt>
File: NNPDF3.png Graphic file (type png)
 <use NNPDF3.png>
Package pdftex.def Info: NNPDF3.png used on input line 372.
(pdftex.def)             Requested size: 338.5863pt x 217.18925pt.

[16 <./NNPDF3.png>] <ATLAS.png, id=691, 1192.455pt x 708.6475pt>
File: ATLAS.png Graphic file (type png)

<use ATLAS.png>
Package pdftex.def Info: ATLAS.png used on input line 408.
(pdftex.def)             Requested size: 483.69684pt x 287.444pt.


LaTeX Warning: `h' float specifier changed to `ht'.

[17] <prapidity.png, id=700, 517.935pt x 397.485pt>
File: prapidity.png Graphic file (type png)
 <use prapidity.png>
Package pdftex.def Info: prapidity.png used on input line 425.
(pdftex.def)             Requested size: 241.84842pt x 185.60495pt.


LaTeX Warning: `h' float specifier changed to `ht'.

[18 <./ATLAS.png>] [19 <./prapidity.png>] [20]
Chapter 3.
<HZ.png, id=722, 285.31593pt x 188.95593pt>
File: HZ.png Graphic file (type png)
 <use HZ.png>
Package pdftex.def Info: HZ.png used on input line 486.
(pdftex.def)             Requested size: 241.84842pt x 160.16927pt.
 [21

 <./HZ.png>]
<ZH_results.png, id=735, 1400.23125pt x 617.30624pt>
File: ZH_results.png Graphic file (type png)
 <use ZH_results.png>
Package pdftex.def Info: ZH_results.png used on input line 534.
(pdftex.def)             Requested size: 435.32419pt x 191.90927pt.

[22] <ZZ.png, id=745, 581.92406pt x 176.15813pt>
File: ZZ.png Graphic file (type png)
 <use ZZ.png>
Package pdftex.def Info: ZZ.png used on input line 548.
(pdftex.def)             Requested size: 338.5863pt x 102.49701pt.
 [23 <./ZH_results.png> <./ZZ.png>] <Zg.png, id=755, 812.03375pt x 189.70876pt>
File: Zg.png Graphic file (type png)
 <use Zg.png>
Package pdftex.def Info: Zg.png used on input line 567.
(pdftex.def)             Requested size: 386.95894pt x 90.40205pt.

[24 <./Zg.png>] [25]
<renormalize_diagram.png, id=777, 1190.4475pt x 565.11125pt>
File: renormalize_diagram.png Graphic file (type png)

<use renormalize_diagram.png>
Package pdftex.def Info: renormalize_diagram.png used on input line 628.
(pdftex.def)             Requested size: 241.84842pt x 114.80518pt.
 [26 <./renormalize_diagram.png>] [27] [28]
Chapter 4.

Overfull \hbox (13.45706pt too wide) in paragraph at lines 665--666
\OT1/ptm/m/n/12 Monte Carlo for FeM-to-barn pro-cesses (MCFM) is a pro-gram tha
t cal-cu-lates cross sec-tions for femtobarn-
 []

[29

] <ZZ_xsec.png, id=810, 600.74437pt x 431.36156pt>
File: ZZ_xsec.png Graphic file (type png)
 <use ZZ_xsec.png>
Package pdftex.def Info: ZZ_xsec.png used on input line 715.
(pdftex.def)             Requested size: 237.0141pt x 170.1852pt.

<Zg_xsec.png, id=811, 600.74437pt x 431.36156pt>
File: Zg_xsec.png Graphic file (type png)
 <use Zg_xsec.png>
Package pdftex.def Info: Zg_xsec.png used on input line 720.
(pdftex.def)             Requested size: 237.0141pt x 170.1852pt.

<R.png, id=818, 800.9925pt x 575.14874pt>
File: R.png Graphic file (type png)
 <use R.png>
Package pdftex.def Info: R.png used on input line 735.
(pdftex.def)             Requested size: 237.0141pt x 170.1852pt.

<R_BR.png, id=819, 800.9925pt x 575.14874pt>
File: R_BR.png Graphic file (type png)
 <use R_BR.png>
Package pdftex.def Info: R_BR.png used on input line 740.
(pdftex.def)             Requested size: 237.0141pt x 170.1852pt.
 [30 <./ZZ_xsec.png> <./Zg_xsec.png>] <leadpt.png, id=831, 525.46312pt x 356.08
03pt>
File: leadpt.png Graphic file (type png)

<use leadpt.png>
Package pdftex.def Info: leadpt.png used on input line 761.
(pdftex.def)             Requested size: 237.0141pt x 160.61499pt.
 <subleadpt.png, id=832, 525.46312pt x 356.0803pt>
File: subleadpt.png Graphic file (type png)

<use subleadpt.png>
Package pdftex.def Info: subleadpt.png used on input line 766.
(pdftex.def)             Requested size: 237.0141pt x 160.61499pt.
 <leady.png, id=833, 525.46312pt x 356.0803pt>
File: leady.png Graphic file (type png)

<use leady.png>
Package pdftex.def Info: leady.png used on input line 776.
(pdftex.def)             Requested size: 237.0141pt x 160.61499pt.
 <subleady.png, id=834, 525.46312pt x 356.0803pt>
File: subleady.png Graphic file (type png)

<use subleady.png>
Package pdftex.def Info: subleady.png used on input line 781.
(pdftex.def)             Requested size: 237.0141pt x 160.61499pt.
 [31 <./R.png> <./R_BR.png> <./leadpt.png> <./subleadpt.png>] <ZZ_subproc.png, 
id=847, 700.6175pt x 474.77374pt>
File: ZZ_subproc.png Graphic file (type png)
 <use ZZ_subproc.png>
Package pdftex.def Info: ZZ_subproc.png used on input line 801.
(pdftex.def)             Requested size: 237.0141pt x 160.60956pt.

<Zg_subproc.png, id=848, 700.6175pt x 474.77374pt>
File: Zg_subproc.png Graphic file (type png)
 <use Zg_subproc.png>
Package pdftex.def Info: Zg_subproc.png used on input line 804.
(pdftex.def)             Requested size: 237.0141pt x 160.60956pt.

[32 <./leady.png> <./subleady.png> <./ZZ_subproc.png> <./Zg_subproc.png>]
<Rgg.png, id=857, 525.46312pt x 356.0803pt>
File: Rgg.png Graphic file (type png)
 <use Rgg.png>
Package pdftex.def Info: Rgg.png used on input line 814.
(pdftex.def)             Requested size: 338.5863pt x 229.44998pt.
 [33 <./Rgg.png>]
<zz_scale.png, id=865, 800.9925pt x 575.14874pt>
File: zz_scale.png Graphic file (type png)
 <use zz_scale.png>
Package pdftex.def Info: zz_scale.png used on input line 845.
(pdftex.def)             Requested size: 237.0141pt x 170.1852pt.

<zg_scale.png, id=866, 800.9925pt x 575.14874pt>
File: zg_scale.png Graphic file (type png)
 <use zg_scale.png>
Package pdftex.def Info: zg_scale.png used on input line 848.
(pdftex.def)             Requested size: 237.0141pt x 170.1852pt.

<R_scale.png, id=872, 700.6175pt x 474.77374pt>
File: R_scale.png Graphic file (type png)
 <use R_scale.png>
Package pdftex.def Info: R_scale.png used on input line 857.
(pdftex.def)             Requested size: 338.5863pt x 229.44637pt.
 [34 <./zz_scale.png> <./zg_scale.png>] [35 <./R_scale.png>]
<K_pt.png, id=888, 700.6175pt x 474.77374pt>
File: K_pt.png Graphic file (type png)
 <use K_pt.png>
Package pdftex.def Info: K_pt.png used on input line 886.
(pdftex.def)             Requested size: 338.5863pt x 229.44637pt.
 [36 <./K_pt.png>]
<R_pdf.png, id=903, 700.6175pt x 474.77374pt>
File: R_pdf.png Graphic file (type png)
 <use R_pdf.png>
Package pdftex.def Info: R_pdf.png used on input line 904.
(pdftex.def)             Requested size: 338.5863pt x 229.44637pt.

<frag.png, id=906, 800.9925pt x 575.14874pt>
File: frag.png Graphic file (type png)
 <use frag.png>
Package pdftex.def Info: frag.png used on input line 918.
(pdftex.def)             Requested size: 338.5863pt x 243.12296pt.

Underfull \vbox (badness 10000) has occurred while \output is active []

 [37 <./R_pdf.png>] <summary.png, id=914, 800.9925pt x 575.14874pt>
File: summary.png Graphic file (type png)
 <use summary.png>
Package pdftex.def Info: summary.png used on input line 941.
(pdftex.def)             Requested size: 338.5863pt x 243.12296pt.

[38 <./frag.png>] [39 <./summary.png>] [40

]
Chapter 5.
(./biblio_sort.tex [41] [42

]
Underfull \hbox (badness 4378) in paragraph at lines 24--25
[]\OT1/ptm/m/n/12 KTEV Col-lab-o-ra-tion, \OT1/ptm/m/it/12 Ob-ser-va-tion of Di
-rect $\OML/ztmcm/m/it/12 CP$ \OT1/ptm/m/it/12 Vi-o-la-tion in $\OML/ztmcm/m/it
/12 K[] \OMS/ztmcm/m/n/12 ! \OML/ztmcm/m/it/12 ^^Y^^Y$ \OT1/ptm/m/it/12 De-cays
\OT1/ptm/m/n/12 ,
 []

[43]
Underfull \hbox (badness 1033) in paragraph at lines 42--43
[]\OT1/ptm/m/n/12 P. J. E. Pee-bles, Bharat Ra-tra, \OT1/ptm/m/it/12 The Cos-mo
-log-i-cal Con-stant and Dark En-ergy (2002)\OT1/ptm/m/n/12 ,
 []


Underfull \hbox (badness 10000) in paragraph at lines 58--59
[]\OT1/ptm/m/n/12 M.C.Gonzalez-Garcia, Michele Mal-toni, \OT1/ptm/m/it/12 Phe-n
omenol-ogy with Mas-sive Neu-tri-nos\OT1/ptm/m/n/12 ,
 []

[44]
Underfull \hbox (badness 1210) in paragraph at lines 80--81
[]\OT1/ptm/m/n/12 A.D. Mar-tin, W.J. Stir-ling, R.S. Thorne, G. Watt, \OT1/ptm/
m/it/12 Par-ton dis-tri-bu-tions for the LHC\OT1/ptm/m/n/12 ,
 []


Underfull \hbox (badness 1389) in paragraph at lines 84--85
[]\OT1/ptm/m/n/12 A.D. Mar-tin, W.J. Stir-ling, R.S. Thorne, G. Watt, \OT1/ptm/
m/it/12 Heavy-quark mass de-pen-dence in
 []

[45]
Underfull \hbox (badness 1472) in paragraph at lines 120--121
[]\OT1/ptm/m/n/12 S. Frix-ione, \OT1/ptm/m/it/12 Iso-lated pho-tons in per-tur-
ba-tive QCD\OT1/ptm/m/n/12 , Phys.Lett. B429 (1998) 369-374,
 []

)
Package atveryend Info: Empty hook `BeforeClearDocument' on input line 983.
 [46]
Package atveryend Info: Empty hook `AfterLastShipout' on input line 983.
 (./thesis.aux)
Package atveryend Info: Executing hook `AtVeryEndDocument' on input line 983.
Package atveryend Info: Executing hook `AtEndAfterFileList' on input line 983.
Package rerunfilecheck Info: File `thesis.out' has not changed.
(rerunfilecheck)             Checksum: 3E6A0694ED753AD1B542ABBD1F1C7579;2513.
Package atveryend Info: Empty hook `AtVeryVeryEnd' on input line 983.
 ) 
Here is how much of TeX's memory you used:
 10412 strings out of 494860
 151063 string characters out of 6177602
 269421 words of memory out of 5000000
 13236 multiletter control sequences out of 15000+600000
 71327 words of font info for 158 fonts, out of 8000000 for 9000
 36 hyphenation exceptions out of 8191
 40i,18n,43p,1889b,492s stack positions out of 5000i,500n,10000p,200000b,80000s
{/usr/share/texlive/texmf-dist/fonts/enc/dvips/base/8r.enc}</usr/share/texliv
e/texmf-dist/fonts/type1/public/amsfonts/cm/cmex10.pfb></usr/share/texlive/texm
f-dist/fonts/type1/public/amsfonts/cm/cmmi10.pfb></usr/share/texlive/texmf-dist
/fonts/type1/public/amsfonts/cm/cmr10.pfb></usr/share/texlive/texmf-dist/fonts/
type1/public/amsfonts/cm/cmss8.pfb></usr/share/texlive/texmf-dist/fonts/type1/p
ublic/amsfonts/cm/cmssbx10.pfb></usr/share/texlive/texmf-dist/fonts/type1/publi
c/amsfonts/cm/cmsy10.pfb></usr/share/texlive/texmf-dist/fonts/type1/public/amsf
onts/cm/cmtt12.pfb></usr/share/texlive/texmf-dist/fonts/type1/public/rsfs/rsfs1
0.pfb></usr/share/texlive/texmf-dist/fonts/type1/urw/symbol/usyr.pfb></usr/shar
e/texlive/texmf-dist/fonts/type1/urw/symbol/usyr.pfb></usr/share/texlive/texmf-
dist/fonts/type1/urw/times/utmb8a.pfb></usr/share/texlive/texmf-dist/fonts/type
1/urw/times/utmr8a.pfb></usr/share/texlive/texmf-dist/fonts/type1/urw/times/utm
ri8a.pfb>
Output written on thesis.pdf (64 pages, 2886363 bytes).
PDF statistics:
 1133 PDF objects out of 1200 (max. 8388607)
 968 compressed objects within 10 object streams
 228 named destinations out of 1000 (max. 500000)
 517 words of extra memory for PDF output out of 10000 (max. 10000000)

