\BOOKMARK [0][-]{chapter*.1}{Abstract}{}% 1
\BOOKMARK [0][-]{chapter.1}{Introduction}{}% 2
\BOOKMARK [1][-]{section.1.1}{The Standard Model}{chapter.1}% 3
\BOOKMARK [2][-]{subsection.1.1.1}{Matter and Forces}{section.1.1}% 4
\BOOKMARK [1][-]{section.1.2}{Inadequacies of the Standard Model}{chapter.1}% 5
\BOOKMARK [2][-]{subsection.1.2.1}{Beyond the Standard Model}{section.1.2}% 6
\BOOKMARK [2][-]{subsection.1.2.2}{Dark Matter}{section.1.2}% 7
\BOOKMARK [0][-]{chapter.2}{Experimental Apparatus}{}% 8
\BOOKMARK [1][-]{section.2.1}{The Large Hadron Collider}{chapter.2}% 9
\BOOKMARK [1][-]{section.2.2}{History}{chapter.2}% 10
\BOOKMARK [1][-]{section.2.3}{Design}{chapter.2}% 11
\BOOKMARK [1][-]{section.2.4}{Proton-Proton Collisions}{chapter.2}% 12
\BOOKMARK [1][-]{section.2.5}{The ATLAS experiment}{chapter.2}% 13
\BOOKMARK [2][-]{subsection.2.5.1}{Coordinate system}{section.2.5}% 14
\BOOKMARK [2][-]{subsection.2.5.2}{Inner Detector}{section.2.5}% 15
\BOOKMARK [2][-]{subsection.2.5.3}{Calorimeters}{section.2.5}% 16
\BOOKMARK [2][-]{subsection.2.5.4}{Muon Spectrometer}{section.2.5}% 17
\BOOKMARK [2][-]{subsection.2.5.5}{Magnet Systems}{section.2.5}% 18
\BOOKMARK [2][-]{subsection.2.5.6}{ATLAS Triggers and Data Collection}{section.2.5}% 19
\BOOKMARK [1][-]{section.2.6}{Event Simulation}{chapter.2}% 20
\BOOKMARK [0][-]{chapter.3}{Theoretical Aspects}{}% 21
\BOOKMARK [1][-]{section.3.1}{Invisible Higgs in association with a Z boson - ZH}{chapter.3}% 22
\BOOKMARK [2][-]{subsection.3.1.1}{Selection Criteria}{section.3.1}% 23
\BOOKMARK [2][-]{subsection.3.1.2}{Results of the ZH search}{section.3.1}% 24
\BOOKMARK [1][-]{section.3.2}{Background estimation: ZZ}{chapter.3}% 25
\BOOKMARK [1][-]{section.3.3}{Transfer factor R}{chapter.3}% 26
\BOOKMARK [1][-]{section.3.4}{Theoretical Uncertainties}{chapter.3}% 27
\BOOKMARK [1][-]{section.3.5}{Approach}{chapter.3}% 28
\BOOKMARK [0][-]{chapter.4}{Transfer factor R and the uncertainties associated to it}{}% 29
\BOOKMARK [1][-]{section.4.1}{MCFM}{chapter.4}% 30
\BOOKMARK [1][-]{section.4.2}{Preliminary Results}{chapter.4}% 31
\BOOKMARK [2][-]{subsection.4.2.1}{Uncertainty from Missing Higher Order Corrections}{section.4.2}% 32
\BOOKMARK [2][-]{subsection.4.2.2}{Uncertainty associated with Parton Distribution Functions}{section.4.2}% 33
\BOOKMARK [2][-]{subsection.4.2.3}{Photon Fragmentation and Isolation Uncertainty}{section.4.2}% 34
\BOOKMARK [0][-]{chapter.5}{Additional Figures}{}% 35
